This is pdfTeX, Version 3.14159265-2.6-1.40.16 (MiKTeX 2.9) (preloaded format=pdflatex 2016.3.1)  23 MAY 2016 15:13
entering extended mode
**"Klass Notes Typed.tex"
("Klass Notes Typed.tex"
LaTeX2e <2015/01/01> patch level 2
Babel <3.9m> and hyphenation patterns for 69 languages loaded.
("C:\Program Files (x86)\MiKTeX 2.9\tex\latex\base\article.cls"
Document Class: article 2014/09/29 v1.4h Standard LaTeX document class
("C:\Program Files (x86)\MiKTeX 2.9\tex\latex\base\size10.clo"
File: size10.clo 2014/09/29 v1.4h Standard LaTeX file (size option)
)
\c@part=\count79
\c@section=\count80
\c@subsection=\count81
\c@subsubsection=\count82
\c@paragraph=\count83
\c@subparagraph=\count84
\c@figure=\count85
\c@table=\count86
\abovecaptionskip=\skip41
\belowcaptionskip=\skip42
\bibindent=\dimen102
)
("C:\Program Files (x86)\MiKTeX 2.9\tex\latex\base\inputenc.sty"
Package: inputenc 2015/03/17 v1.2c Input encoding file
\inpenc@prehook=\toks14
\inpenc@posthook=\toks15

("C:\Program Files (x86)\MiKTeX 2.9\tex\latex\base\utf8.def"
File: utf8.def 2015/06/27 v1.1n UTF-8 support for inputenc
Now handling font encoding OML ...
... no UTF-8 mapping file for font encoding OML
Now handling font encoding T1 ...
... processing UTF-8 mapping file for font encoding T1

("C:\Program Files (x86)\MiKTeX 2.9\tex\latex\base\t1enc.dfu"
File: t1enc.dfu 2015/06/27 v1.1n UTF-8 support for inputenc
   defining Unicode char U+00A1 (decimal 161)
   defining Unicode char U+00A3 (decimal 163)
   defining Unicode char U+00AB (decimal 171)
   defining Unicode char U+00BB (decimal 187)
   defining Unicode char U+00BF (decimal 191)
   defining Unicode char U+00C0 (decimal 192)
   defining Unicode char U+00C1 (decimal 193)
   defining Unicode char U+00C2 (decimal 194)
   defining Unicode char U+00C3 (decimal 195)
   defining Unicode char U+00C4 (decimal 196)
   defining Unicode char U+00C5 (decimal 197)
   defining Unicode char U+00C6 (decimal 198)
   defining Unicode char U+00C7 (decimal 199)
   defining Unicode char U+00C8 (decimal 200)
   defining Unicode char U+00C9 (decimal 201)
   defining Unicode char U+00CA (decimal 202)
   defining Unicode char U+00CB (decimal 203)
   defining Unicode char U+00CC (decimal 204)
   defining Unicode char U+00CD (decimal 205)
   defining Unicode char U+00CE (decimal 206)
   defining Unicode char U+00CF (decimal 207)
   defining Unicode char U+00D0 (decimal 208)
   defining Unicode char U+00D1 (decimal 209)
   defining Unicode char U+00D2 (decimal 210)
   defining Unicode char U+00D3 (decimal 211)
   defining Unicode char U+00D4 (decimal 212)
   defining Unicode char U+00D5 (decimal 213)
   defining Unicode char U+00D6 (decimal 214)
   defining Unicode char U+00D8 (decimal 216)
   defining Unicode char U+00D9 (decimal 217)
   defining Unicode char U+00DA (decimal 218)
   defining Unicode char U+00DB (decimal 219)
   defining Unicode char U+00DC (decimal 220)
   defining Unicode char U+00DD (decimal 221)
   defining Unicode char U+00DE (decimal 222)
   defining Unicode char U+00DF (decimal 223)
   defining Unicode char U+00E0 (decimal 224)
   defining Unicode char U+00E1 (decimal 225)
   defining Unicode char U+00E2 (decimal 226)
   defining Unicode char U+00E3 (decimal 227)
   defining Unicode char U+00E4 (decimal 228)
   defining Unicode char U+00E5 (decimal 229)
   defining Unicode char U+00E6 (decimal 230)
   defining Unicode char U+00E7 (decimal 231)
   defining Unicode char U+00E8 (decimal 232)
   defining Unicode char U+00E9 (decimal 233)
   defining Unicode char U+00EA (decimal 234)
   defining Unicode char U+00EB (decimal 235)
   defining Unicode char U+00EC (decimal 236)
   defining Unicode char U+00ED (decimal 237)
   defining Unicode char U+00EE (decimal 238)
   defining Unicode char U+00EF (decimal 239)
   defining Unicode char U+00F0 (decimal 240)
   defining Unicode char U+00F1 (decimal 241)
   defining Unicode char U+00F2 (decimal 242)
   defining Unicode char U+00F3 (decimal 243)
   defining Unicode char U+00F4 (decimal 244)
   defining Unicode char U+00F5 (decimal 245)
   defining Unicode char U+00F6 (decimal 246)
   defining Unicode char U+00F8 (decimal 248)
   defining Unicode char U+00F9 (decimal 249)
   defining Unicode char U+00FA (decimal 250)
   defining Unicode char U+00FB (decimal 251)
   defining Unicode char U+00FC (decimal 252)
   defining Unicode char U+00FD (decimal 253)
   defining Unicode char U+00FE (decimal 254)
   defining Unicode char U+00FF (decimal 255)
   defining Unicode char U+0102 (decimal 258)
   defining Unicode char U+0103 (decimal 259)
   defining Unicode char U+0104 (decimal 260)
   defining Unicode char U+0105 (decimal 261)
   defining Unicode char U+0106 (decimal 262)
   defining Unicode char U+0107 (decimal 263)
   defining Unicode char U+010C (decimal 268)
   defining Unicode char U+010D (decimal 269)
   defining Unicode char U+010E (decimal 270)
   defining Unicode char U+010F (decimal 271)
   defining Unicode char U+0110 (decimal 272)
   defining Unicode char U+0111 (decimal 273)
   defining Unicode char U+0118 (decimal 280)
   defining Unicode char U+0119 (decimal 281)
   defining Unicode char U+011A (decimal 282)
   defining Unicode char U+011B (decimal 283)
   defining Unicode char U+011E (decimal 286)
   defining Unicode char U+011F (decimal 287)
   defining Unicode char U+0130 (decimal 304)
   defining Unicode char U+0131 (decimal 305)
   defining Unicode char U+0132 (decimal 306)
   defining Unicode char U+0133 (decimal 307)
   defining Unicode char U+0139 (decimal 313)
   defining Unicode char U+013A (decimal 314)
   defining Unicode char U+013D (decimal 317)
   defining Unicode char U+013E (decimal 318)
   defining Unicode char U+0141 (decimal 321)
   defining Unicode char U+0142 (decimal 322)
   defining Unicode char U+0143 (decimal 323)
   defining Unicode char U+0144 (decimal 324)
   defining Unicode char U+0147 (decimal 327)
   defining Unicode char U+0148 (decimal 328)
   defining Unicode char U+014A (decimal 330)
   defining Unicode char U+014B (decimal 331)
   defining Unicode char U+0150 (decimal 336)
   defining Unicode char U+0151 (decimal 337)
   defining Unicode char U+0152 (decimal 338)
   defining Unicode char U+0153 (decimal 339)
   defining Unicode char U+0154 (decimal 340)
   defining Unicode char U+0155 (decimal 341)
   defining Unicode char U+0158 (decimal 344)
   defining Unicode char U+0159 (decimal 345)
   defining Unicode char U+015A (decimal 346)
   defining Unicode char U+015B (decimal 347)
   defining Unicode char U+015E (decimal 350)
   defining Unicode char U+015F (decimal 351)
   defining Unicode char U+0160 (decimal 352)
   defining Unicode char U+0161 (decimal 353)
   defining Unicode char U+0162 (decimal 354)
   defining Unicode char U+0163 (decimal 355)
   defining Unicode char U+0164 (decimal 356)
   defining Unicode char U+0165 (decimal 357)
   defining Unicode char U+016E (decimal 366)
   defining Unicode char U+016F (decimal 367)
   defining Unicode char U+0170 (decimal 368)
   defining Unicode char U+0171 (decimal 369)
   defining Unicode char U+0178 (decimal 376)
   defining Unicode char U+0179 (decimal 377)
   defining Unicode char U+017A (decimal 378)
   defining Unicode char U+017B (decimal 379)
   defining Unicode char U+017C (decimal 380)
   defining Unicode char U+017D (decimal 381)
   defining Unicode char U+017E (decimal 382)
   defining Unicode char U+200C (decimal 8204)
   defining Unicode char U+2013 (decimal 8211)
   defining Unicode char U+2014 (decimal 8212)
   defining Unicode char U+2018 (decimal 8216)
   defining Unicode char U+2019 (decimal 8217)
   defining Unicode char U+201A (decimal 8218)
   defining Unicode char U+201C (decimal 8220)
   defining Unicode char U+201D (decimal 8221)
   defining Unicode char U+201E (decimal 8222)
   defining Unicode char U+2030 (decimal 8240)
   defining Unicode char U+2031 (decimal 8241)
   defining Unicode char U+2039 (decimal 8249)
   defining Unicode char U+203A (decimal 8250)
   defining Unicode char U+2423 (decimal 9251)
)
Now handling font encoding OT1 ...
... processing UTF-8 mapping file for font encoding OT1

("C:\Program Files (x86)\MiKTeX 2.9\tex\latex\base\ot1enc.dfu"
File: ot1enc.dfu 2015/06/27 v1.1n UTF-8 support for inputenc
   defining Unicode char U+00A1 (decimal 161)
   defining Unicode char U+00A3 (decimal 163)
   defining Unicode char U+00B8 (decimal 184)
   defining Unicode char U+00BF (decimal 191)
   defining Unicode char U+00C5 (decimal 197)
   defining Unicode char U+00C6 (decimal 198)
   defining Unicode char U+00D8 (decimal 216)
   defining Unicode char U+00DF (decimal 223)
   defining Unicode char U+00E6 (decimal 230)
   defining Unicode char U+00EC (decimal 236)
   defining Unicode char U+00ED (decimal 237)
   defining Unicode char U+00EE (decimal 238)
   defining Unicode char U+00EF (decimal 239)
   defining Unicode char U+00F8 (decimal 248)
   defining Unicode char U+0131 (decimal 305)
   defining Unicode char U+0141 (decimal 321)
   defining Unicode char U+0142 (decimal 322)
   defining Unicode char U+0152 (decimal 338)
   defining Unicode char U+0153 (decimal 339)
   defining Unicode char U+2013 (decimal 8211)
   defining Unicode char U+2014 (decimal 8212)
   defining Unicode char U+2018 (decimal 8216)
   defining Unicode char U+2019 (decimal 8217)
   defining Unicode char U+201C (decimal 8220)
   defining Unicode char U+201D (decimal 8221)
)
Now handling font encoding OMS ...
... processing UTF-8 mapping file for font encoding OMS

("C:\Program Files (x86)\MiKTeX 2.9\tex\latex\base\omsenc.dfu"
File: omsenc.dfu 2015/06/27 v1.1n UTF-8 support for inputenc
   defining Unicode char U+00A7 (decimal 167)
   defining Unicode char U+00B6 (decimal 182)
   defining Unicode char U+00B7 (decimal 183)
   defining Unicode char U+2020 (decimal 8224)
   defining Unicode char U+2021 (decimal 8225)
   defining Unicode char U+2022 (decimal 8226)
)
Now handling font encoding OMX ...
... no UTF-8 mapping file for font encoding OMX
Now handling font encoding U ...
... no UTF-8 mapping file for font encoding U
   defining Unicode char U+00A9 (decimal 169)
   defining Unicode char U+00AA (decimal 170)
   defining Unicode char U+00AE (decimal 174)
   defining Unicode char U+00BA (decimal 186)
   defining Unicode char U+02C6 (decimal 710)
   defining Unicode char U+02DC (decimal 732)
   defining Unicode char U+200C (decimal 8204)
   defining Unicode char U+2026 (decimal 8230)
   defining Unicode char U+2122 (decimal 8482)
   defining Unicode char U+2423 (decimal 9251)
))
("C:\Program Files (x86)\MiKTeX 2.9\tex\latex\amsmath\amsmath.sty"
Package: amsmath 2013/01/14 v2.14 AMS math features
\@mathmargin=\skip43

For additional information on amsmath, use the `?' option.
("C:\Program Files (x86)\MiKTeX 2.9\tex\latex\amsmath\amstext.sty"
Package: amstext 2000/06/29 v2.01

("C:\Program Files (x86)\MiKTeX 2.9\tex\latex\amsmath\amsgen.sty"
File: amsgen.sty 1999/11/30 v2.0
\@emptytoks=\toks16
\ex@=\dimen103
))
("C:\Program Files (x86)\MiKTeX 2.9\tex\latex\amsmath\amsbsy.sty"
Package: amsbsy 1999/11/29 v1.2d
\pmbraise@=\dimen104
)
("C:\Program Files (x86)\MiKTeX 2.9\tex\latex\amsmath\amsopn.sty"
Package: amsopn 1999/12/14 v2.01 operator names
)
\inf@bad=\count87
LaTeX Info: Redefining \frac on input line 210.
\uproot@=\count88
\leftroot@=\count89
LaTeX Info: Redefining \overline on input line 306.
\classnum@=\count90
\DOTSCASE@=\count91
LaTeX Info: Redefining \ldots on input line 378.
LaTeX Info: Redefining \dots on input line 381.
LaTeX Info: Redefining \cdots on input line 466.
\Mathstrutbox@=\box26
\strutbox@=\box27
\big@size=\dimen105
LaTeX Font Info:    Redeclaring font encoding OML on input line 566.
LaTeX Font Info:    Redeclaring font encoding OMS on input line 567.
\macc@depth=\count92
\c@MaxMatrixCols=\count93
\dotsspace@=\muskip10
\c@parentequation=\count94
\dspbrk@lvl=\count95
\tag@help=\toks17
\row@=\count96
\column@=\count97
\maxfields@=\count98
\andhelp@=\toks18
\eqnshift@=\dimen106
\alignsep@=\dimen107
\tagshift@=\dimen108
\tagwidth@=\dimen109
\totwidth@=\dimen110
\lineht@=\dimen111
\@envbody=\toks19
\multlinegap=\skip44
\multlinetaggap=\skip45
\mathdisplay@stack=\toks20
LaTeX Info: Redefining \[ on input line 2665.
LaTeX Info: Redefining \] on input line 2666.
)
("C:\Program Files (x86)\MiKTeX 2.9\tex\latex\amsfonts\amsfonts.sty"
Package: amsfonts 2013/01/14 v3.01 Basic AMSFonts support
\symAMSa=\mathgroup4
\symAMSb=\mathgroup5
LaTeX Font Info:    Overwriting math alphabet `\mathfrak' in version `bold'
(Font)                  U/euf/m/n --> U/euf/b/n on input line 106.
)
("C:\Program Files (x86)\MiKTeX 2.9\tex\latex\amsfonts\amssymb.sty"
Package: amssymb 2013/01/14 v3.01 AMS font symbols
)
("C:\Program Files (x86)\MiKTeX 2.9\tex\latex\graphics\graphicx.sty"
Package: graphicx 2014/10/28 v1.0g Enhanced LaTeX Graphics (DPC,SPQR)

("C:\Program Files (x86)\MiKTeX 2.9\tex\latex\graphics\keyval.sty"
Package: keyval 2014/10/28 v1.15 key=value parser (DPC)
\KV@toks@=\toks21
)
("C:\Program Files (x86)\MiKTeX 2.9\tex\latex\graphics\graphics.sty"
Package: graphics 2014/10/28 v1.0p Standard LaTeX Graphics (DPC,SPQR)

("C:\Program Files (x86)\MiKTeX 2.9\tex\latex\graphics\trig.sty"
Package: trig 1999/03/16 v1.09 sin cos tan (DPC)
)
("C:\Program Files (x86)\MiKTeX 2.9\tex\latex\00miktex\graphics.cfg"
File: graphics.cfg 2007/01/18 v1.5 graphics configuration of teTeX/TeXLive
)
Package graphics Info: Driver file: pdftex.def on input line 94.

("C:\Program Files (x86)\MiKTeX 2.9\tex\latex\pdftex-def\pdftex.def"
File: pdftex.def 2011/05/27 v0.06d Graphics/color for pdfTeX

("C:\Program Files (x86)\MiKTeX 2.9\tex\generic\oberdiek\infwarerr.sty"
Package: infwarerr 2010/04/08 v1.3 Providing info/warning/error messages (HO)
)
("C:\Program Files (x86)\MiKTeX 2.9\tex\generic\oberdiek\ltxcmds.sty"
Package: ltxcmds 2011/11/09 v1.22 LaTeX kernel commands for general use (HO)
)
\Gread@gobject=\count99
))
\Gin@req@height=\dimen112
\Gin@req@width=\dimen113
)
("C:\Program Files (x86)\MiKTeX 2.9\tex\latex\tools\enumerate.sty"
Package: enumerate 2014/10/28 v3.00 enumerate extensions (DPC)
\@enLab=\toks22
)
("C:\Program Files (x86)\MiKTeX 2.9\tex\latex\graphics\color.sty"
Package: color 2014/10/28 v1.1a Standard LaTeX Color (DPC)

("C:\Program Files (x86)\MiKTeX 2.9\tex\latex\00miktex\color.cfg"
File: color.cfg 2007/01/18 v1.5 color configuration of teTeX/TeXLive
)
Package color Info: Driver file: pdftex.def on input line 142.
)
("Klass Notes Typed.aux")
LaTeX Font Info:    Checking defaults for OML/cmm/m/it on input line 9.
LaTeX Font Info:    ... okay on input line 9.
LaTeX Font Info:    Checking defaults for T1/cmr/m/n on input line 9.
LaTeX Font Info:    ... okay on input line 9.
LaTeX Font Info:    Checking defaults for OT1/cmr/m/n on input line 9.
LaTeX Font Info:    ... okay on input line 9.
LaTeX Font Info:    Checking defaults for OMS/cmsy/m/n on input line 9.
LaTeX Font Info:    ... okay on input line 9.
LaTeX Font Info:    Checking defaults for OMX/cmex/m/n on input line 9.
LaTeX Font Info:    ... okay on input line 9.
LaTeX Font Info:    Checking defaults for U/cmr/m/n on input line 9.
LaTeX Font Info:    ... okay on input line 9.

(C:\Users\MHHSStudent\AppData\Roaming\MiKTeX\2.9\tex\context\base\supp-pdf.mkii
[Loading MPS to PDF converter (version 2006.09.02).]
\scratchcounter=\count100
\scratchdimen=\dimen114
\scratchbox=\box28
\nofMPsegments=\count101
\nofMParguments=\count102
\everyMPshowfont=\toks23
\MPscratchCnt=\count103
\MPscratchDim=\dimen115
\MPnumerator=\count104
\makeMPintoPDFobject=\count105
\everyMPtoPDFconversion=\toks24
)

pdfTeX warning: pdflatex (file ./Pages/ST_3.pdf): PDF inclusion: found PDF vers
ion <1.7>, but at most version <1.5> allowed
<Pages/ST_3.pdf, id=1, 613.57233pt x 793.88593pt>
File: Pages/ST_3.pdf Graphic file (type pdf)
 <use Pages/ST_3.pdf>
Package pdftex.def Info: Pages/ST_3.pdf used on input line 29.
(pdftex.def)             Requested size: 306.7854pt x 396.94199pt.
 [1

{C:/Users/MHHSStudent/AppData/Local/MiKTeX/2.9/pdftex/config/pdftex.map} <./Pag
es/ST_3.pdf>]
LaTeX Font Info:    Try loading font information for U+msa on input line 35.
 ("C:\Program Files (x86)\MiKTeX 2.9\tex\latex\amsfonts\umsa.fd"
File: umsa.fd 2013/01/14 v3.01 AMS symbols A
)
LaTeX Font Info:    Try loading font information for U+msb on input line 35.

("C:\Program Files (x86)\MiKTeX 2.9\tex\latex\amsfonts\umsb.fd"
File: umsb.fd 2013/01/14 v3.01 AMS symbols B
)

pdfTeX warning: pdflatex (file ./Pages/ST_4.pdf): PDF inclusion: found PDF vers
ion <1.7>, but at most version <1.5> allowed
<Pages/ST_4.pdf, id=11, 613.57233pt x 793.88593pt>
File: Pages/ST_4.pdf Graphic file (type pdf)
 <use Pages/ST_4.pdf>
Package pdftex.def Info: Pages/ST_4.pdf used on input line 44.
(pdftex.def)             Requested size: 306.7854pt x 396.94199pt.

[2 <./Pages/ST_4.pdf>] <Pages/ST_5_im1.png, id=18, 523.20468pt x 341.77687pt>
File: Pages/ST_5_im1.png Graphic file (type png)

<use Pages/ST_5_im1.png>
Package pdftex.def Info: Pages/ST_5_im1.png used on input line 48.
(pdftex.def)             Requested size: 104.63907pt x 68.35416pt.


pdfTeX warning: pdflatex (file ./Pages/ST_5.pdf): PDF inclusion: found PDF vers
ion <1.7>, but at most version <1.5> allowed
<Pages/ST_5.pdf, id=20, 613.57233pt x 793.88593pt>
File: Pages/ST_5.pdf Graphic file (type pdf)
 <use Pages/ST_5.pdf>
Package pdftex.def Info: Pages/ST_5.pdf used on input line 55.
(pdftex.def)             Requested size: 306.7854pt x 396.94199pt.

[3 <./Pages/ST_5_im1.png> <./Pages/ST_5.pdf>]

pdfTeX warning: pdflatex (file ./Pages/ST_6.pdf): PDF inclusion: found PDF vers
ion <1.7>, but at most version <1.5> allowed
<Pages/ST_6.pdf, id=30, 613.57233pt x 793.88593pt>
File: Pages/ST_6.pdf Graphic file (type pdf)
 <use Pages/ST_6.pdf>
Package pdftex.def Info: Pages/ST_6.pdf used on input line 72.
(pdftex.def)             Requested size: 306.7854pt x 396.94199pt.

[4 <./Pages/ST_6.pdf>]

pdfTeX warning: pdflatex (file ./Pages/ST_7.pdf): PDF inclusion: found PDF vers
ion <1.7>, but at most version <1.5> allowed
<Pages/ST_7.pdf, id=39, 613.57233pt x 793.88593pt>
File: Pages/ST_7.pdf Graphic file (type pdf)
 <use Pages/ST_7.pdf>
Package pdftex.def Info: Pages/ST_7.pdf used on input line 79.
(pdftex.def)             Requested size: 306.7854pt x 396.94199pt.

[5 <./Pages/ST_7.pdf>]
Underfull \hbox (badness 10000) in paragraph at lines 83--84

 []



pdfTeX warning: pdflatex (file ./Pages/ST_8.pdf): PDF inclusion: found PDF vers
ion <1.7>, but at most version <1.5> allowed
<Pages/ST_8.pdf, id=46, 613.57233pt x 793.88593pt>
File: Pages/ST_8.pdf Graphic file (type pdf)
 <use Pages/ST_8.pdf>
Package pdftex.def Info: Pages/ST_8.pdf used on input line 86.
(pdftex.def)             Requested size: 306.7854pt x 396.94199pt.

[6 <./Pages/ST_8.pdf>] [7] [8] [9]
<Pages/MathPicture.png, id=64, 199.49532pt x 118.19156pt>
File: Pages/MathPicture.png Graphic file (type png)

<use Pages/MathPicture.png>
Package pdftex.def Info: Pages/MathPicture.png used on input line 119.
(pdftex.def)             Requested size: 99.7474pt x 59.09563pt.

Overfull \hbox (2.39587pt too wide) in paragraph at lines 118--121
[]\OT1/cmr/m/n/10 11. How can we con-struct "new: sets from "old" sets? []
 []



pdfTeX warning: pdflatex (file ./Pages/Page_13.pdf): PDF inclusion: found PDF v
ersion <1.7>, but at most version <1.5> allowed
<Pages/Page_13.pdf, id=65, 613.57233pt x 793.88593pt>
File: Pages/Page_13.pdf Graphic file (type pdf)
 <use Pages/Page_13.pdf>
Package pdftex.def Info: Pages/Page_13.pdf used on input line 124.
(pdftex.def)             Requested size: 306.7854pt x 396.94199pt.


pdfTeX warning: pdflatex (file ./Pages/Page_13A.pdf): PDF inclusion: found PDF 
version <1.7>, but at most version <1.5> allowed
<Pages/Page_13A.pdf, id=66, 613.57233pt x 793.88593pt>
File: Pages/Page_13A.pdf Graphic file (type pdf)

<use Pages/Page_13A.pdf>
Package pdftex.def Info: Pages/Page_13A.pdf used on input line 131.
(pdftex.def)             Requested size: 306.7854pt x 396.94199pt.
 [10 <./Pages/MathPicture.png> <./Pages/Page_13.pdf>]

pdfTeX warning: pdflatex (file ./Pages/Page_22.pdf): PDF inclusion: found PDF v
ersion <1.7>, but at most version <1.5> allowed
<Pages/Page_22.pdf, id=75, 613.57233pt x 793.88593pt>
File: Pages/Page_22.pdf Graphic file (type pdf)
 <use Pages/Page_22.pdf>
Package pdftex.def Info: Pages/Page_22.pdf used on input line 143.
(pdftex.def)             Requested size: 306.7854pt x 396.94199pt.

[11 <./Pages/Page_13A.pdf>]

pdfTeX warning: pdflatex (file ./Pages/Page_22A.pdf): PDF inclusion: found PDF 
version <1.7>, but at most version <1.5> allowed
<Pages/Page_22A.pdf, id=82, 613.57233pt x 793.88593pt>
File: Pages/Page_22A.pdf Graphic file (type pdf)

<use Pages/Page_22A.pdf>
Package pdftex.def Info: Pages/Page_22A.pdf used on input line 149.
(pdftex.def)             Requested size: 306.7854pt x 396.94199pt.
 [12 <./Pages/Page_22.pdf>]

pdfTeX warning: pdflatex (file ./Pages/Page_22B.pdf): PDF inclusion: found PDF 
version <1.7>, but at most version <1.5> allowed
<Pages/Page_22B.pdf, id=89, 613.57233pt x 793.88593pt>
File: Pages/Page_22B.pdf Graphic file (type pdf)

<use Pages/Page_22B.pdf>
Package pdftex.def Info: Pages/Page_22B.pdf used on input line 155.
(pdftex.def)             Requested size: 306.7854pt x 396.94199pt.
 [13 <./Pages/Page_22A.pdf>]

pdfTeX warning: pdflatex (file ./Pages/generateN1.pdf): PDF inclusion: found PD
F version <1.7>, but at most version <1.5> allowed
<Pages/generateN1.pdf, id=97, 613.57233pt x 793.88593pt>
File: Pages/generateN1.pdf Graphic file (type pdf)

<use Pages/generateN1.pdf>
Package pdftex.def Info: Pages/generateN1.pdf used on input line 170.
(pdftex.def)             Requested size: 306.7854pt x 396.94199pt.
 [14 <./Pages/Page_22B.pdf>] [15 <./Pages/generateN1.pdf>]

pdfTeX warning: pdflatex (file ./Pages/generateN2.pdf): PDF inclusion: found PD
F version <1.7>, but at most version <1.5> allowed
<Pages/generateN2.pdf, id=112, 613.57233pt x 793.88593pt>
File: Pages/generateN2.pdf Graphic file (type pdf)

<use Pages/generateN2.pdf>
Package pdftex.def Info: Pages/generateN2.pdf used on input line 194.
(pdftex.def)             Requested size: 306.7854pt x 396.94199pt.
 [16 <./Pages/generateN2.pdf>]

pdfTeX warning: pdflatex (file ./Pages/generateN3.pdf): PDF inclusion: found PD
F version <1.7>, but at most version <1.5> allowed
<Pages/generateN3.pdf, id=119, 613.57233pt x 793.88593pt>
File: Pages/generateN3.pdf Graphic file (type pdf)

<use Pages/generateN3.pdf>
Package pdftex.def Info: Pages/generateN3.pdf used on input line 220.
(pdftex.def)             Requested size: 306.7854pt x 396.94199pt.
 [17 <./Pages/generateN3.pdf>]

pdfTeX warning: pdflatex (file ./Pages/generateN4.pdf): PDF inclusion: found PD
F version <1.7>, but at most version <1.5> allowed
<Pages/generateN4.pdf, id=127, 613.57233pt x 793.88593pt>
File: Pages/generateN4.pdf Graphic file (type pdf)

<use Pages/generateN4.pdf>
Package pdftex.def Info: Pages/generateN4.pdf used on input line 235.
(pdftex.def)             Requested size: 306.7854pt x 396.94199pt.
 [18 <./Pages/generateN4.pdf>]

pdfTeX warning: pdflatex (file ./Pages/generateN5.pdf): PDF inclusion: found PD
F version <1.7>, but at most version <1.5> allowed
<Pages/generateN5.pdf, id=134, 613.57233pt x 793.88593pt>
File: Pages/generateN5.pdf Graphic file (type pdf)

<use Pages/generateN5.pdf>
Package pdftex.def Info: Pages/generateN5.pdf used on input line 245.
(pdftex.def)             Requested size: 306.7854pt x 396.94199pt.
 [19 <./Pages/generateN5.pdf>]

pdfTeX warning: pdflatex (file ./Pages/generateN6.pdf): PDF inclusion: found PD
F version <1.7>, but at most version <1.5> allowed
<Pages/generateN6.pdf, id=142, 613.57233pt x 793.88593pt>
File: Pages/generateN6.pdf Graphic file (type pdf)

<use Pages/generateN6.pdf>
Package pdftex.def Info: Pages/generateN6.pdf used on input line 255.
(pdftex.def)             Requested size: 306.7854pt x 396.94199pt.
 [20 <./Pages/generateN6.pdf>]

pdfTeX warning: pdflatex (file ./Pages/generateN7.pdf): PDF inclusion: found PD
F version <1.7>, but at most version <1.5> allowed
<Pages/generateN7.pdf, id=149, 613.57233pt x 793.88593pt>
File: Pages/generateN7.pdf Graphic file (type pdf)

<use Pages/generateN7.pdf>
Package pdftex.def Info: Pages/generateN7.pdf used on input line 265.
(pdftex.def)             Requested size: 306.7854pt x 396.94199pt.
 [21 <./Pages/generateN7.pdf>]
Underfull \hbox (badness 10000) in paragraph at lines 276--277

 []


Underfull \hbox (badness 10000) in paragraph at lines 280--281

 []


Underfull \hbox (badness 10000) in paragraph at lines 282--285

 []



pdfTeX warning: pdflatex (file ./Pages/ZR_1.pdf): PDF inclusion: found PDF vers
ion <1.7>, but at most version <1.5> allowed
<Pages/ZR_1.pdf, id=156, 613.57233pt x 793.88593pt>
File: Pages/ZR_1.pdf Graphic file (type pdf)
 <use Pages/ZR_1.pdf>
Package pdftex.def Info: Pages/ZR_1.pdf used on input line 290.
(pdftex.def)             Requested size: 306.7854pt x 396.94199pt.

[22 <./Pages/ZR_1.pdf>]

pdfTeX warning: pdflatex (file ./Pages/ZR_2.pdf): PDF inclusion: found PDF vers
ion <1.7>, but at most version <1.5> allowed
<Pages/ZR_2.pdf, id=163, 613.57233pt x 793.88593pt>
File: Pages/ZR_2.pdf Graphic file (type pdf)
 <use Pages/ZR_2.pdf>
Package pdftex.def Info: Pages/ZR_2.pdf used on input line 301.
(pdftex.def)             Requested size: 306.7854pt x 396.94199pt.

[23 <./Pages/ZR_2.pdf>]
LaTeX Font Info:    Try loading font information for OMS+cmr on input line 309.


("C:\Program Files (x86)\MiKTeX 2.9\tex\latex\base\omscmr.fd"
File: omscmr.fd 2014/09/29 v2.5h Standard LaTeX font definitions
)
LaTeX Font Info:    Font shape `OMS/cmr/m/n' in size <10> not available
(Font)              Font shape `OMS/cmsy/m/n' tried instead on input line 309.


pdfTeX warning: pdflatex (file ./Pages/ZR_3.pdf): PDF inclusion: found PDF vers
ion <1.7>, but at most version <1.5> allowed
<Pages/ZR_3.pdf, id=170, 613.57233pt x 793.88593pt>
File: Pages/ZR_3.pdf Graphic file (type pdf)
 <use Pages/ZR_3.pdf>
Package pdftex.def Info: Pages/ZR_3.pdf used on input line 312.
(pdftex.def)             Requested size: 306.7854pt x 396.94199pt.

[24 <./Pages/ZR_3.pdf>]
Underfull \hbox (badness 10000) in paragraph at lines 318--321

 []



pdfTeX warning: pdflatex (file ./Pages/ZR_4.pdf): PDF inclusion: found PDF vers
ion <1.7>, but at most version <1.5> allowed
<Pages/ZR_4.pdf, id=177, 613.57233pt x 793.88593pt>
File: Pages/ZR_4.pdf Graphic file (type pdf)
 <use Pages/ZR_4.pdf>
Package pdftex.def Info: Pages/ZR_4.pdf used on input line 322.
(pdftex.def)             Requested size: 306.7854pt x 396.94199pt.

[25 <./Pages/ZR_4.pdf>]

pdfTeX warning: pdflatex (file ./Pages/ZR_5.pdf): PDF inclusion: found PDF vers
ion <1.7>, but at most version <1.5> allowed
<Pages/ZR_5.pdf, id=185, 613.57233pt x 793.88593pt>
File: Pages/ZR_5.pdf Graphic file (type pdf)
 <use Pages/ZR_5.pdf>
Package pdftex.def Info: Pages/ZR_5.pdf used on input line 330.
(pdftex.def)             Requested size: 306.7854pt x 396.94199pt.

<Pages/ZR6.png, id=186, 372.64218pt x 482.55281pt>
File: Pages/ZR6.png Graphic file (type png)
 <use Pages/ZR6.png>
Package pdftex.def Info: Pages/ZR6.png used on input line 356.
(pdftex.def)             Requested size: 223.58702pt x 289.5339pt.
 [26 <./Pages/ZR_5.pdf>] [27 <./Pages/ZR6.png>]

LaTeX Warning: No \author given.


Overfull \hbox (86.54243pt too wide) in paragraph at lines 362--363
[]\OT1/cmr/m/n/10 We can rep-re-sent $\U/msb/m/n/10 Z$ \OT1/cmr/m/n/10 in terms
 of in-te-gers $\OML/cmm/m/it/10 j; k; n$ \OT1/cmr/m/n/10 and that $\U/msb/m/n/
10 Z[] \OT1/cmr/m/n/10 = \U/msb/m/n/10 Z []$ $[]$ 
 []

<Pages/ZR7.png, id=197, 368.1253pt x 476.53032pt>
File: Pages/ZR7.png Graphic file (type png)
 <use Pages/ZR7.png>
Package pdftex.def Info: Pages/ZR7.png used on input line 368.
(pdftex.def)             Requested size: 220.87688pt x 285.9204pt.
 [28 <./Pages/ZR7.png>] <pages/ZR8.png, id=203, 366.61969pt x 473.51906pt>
File: pages/ZR8.png Graphic file (type png)

<use pages/ZR8.png>
Package pdftex.def Info: pages/ZR8.png used on input line 391.
(pdftex.def)             Requested size: 219.97351pt x 284.11362pt.
 [29 <./pages/ZR8.png>]
<pages/ZR9.png, id=207, 362.10281pt x 459.96844pt>
File: pages/ZR9.png Graphic file (type png)
 <use pages/ZR9.png>
Package pdftex.def Info: pages/ZR9.png used on input line 415.
(pdftex.def)             Requested size: 217.26335pt x 275.98318pt.
 [30 <./pages/ZR9.png>] <pages/ZR10.png, id=211, 365.11406pt x 472.01344pt>
File: pages/ZR10.png Graphic file (type png)

<use pages/ZR10.png>
Package pdftex.def Info: pages/ZR10.png used on input line 435.
(pdftex.def)             Requested size: 219.07011pt x 283.21025pt.
 <Pages/ZR_11_im1.png, id=212, 456.95718pt x 85.06781pt>
File: Pages/ZR_11_im1.png Graphic file (type png)

<use Pages/ZR_11_im1.png>
Package pdftex.def Info: Pages/ZR_11_im1.png used on input line 442.
(pdftex.def)             Requested size: 228.47803pt x 42.5338pt.


pdfTeX warning: pdflatex (file ./Pages/ZR_11.pdf): PDF inclusion: found PDF ver
sion <1.7>, but at most version <1.5> allowed
<Pages/ZR_11.pdf, id=213, 613.57233pt x 793.88593pt>
File: Pages/ZR_11.pdf Graphic file (type pdf)
 <use Pages/ZR_11.pdf>
Package pdftex.def Info: Pages/ZR_11.pdf used on input line 446.
(pdftex.def)             Requested size: 306.7854pt x 396.94199pt.

[31 <./pages/ZR10.png> <./Pages/ZR_11_im1.png>] [32 <./Pages/ZR_11.pdf>]

pdfTeX warning: pdflatex (file ./Pages/ZR_12.pdf): PDF inclusion: found PDF ver
sion <1.7>, but at most version <1.5> allowed
<Pages/ZR_12.pdf, id=225, 613.57233pt x 793.88593pt>
File: Pages/ZR_12.pdf Graphic file (type pdf)
 <use Pages/ZR_12.pdf>
Package pdftex.def Info: Pages/ZR_12.pdf used on input line 458.
(pdftex.def)             Requested size: 306.7854pt x 396.94199pt.

[33 <./Pages/ZR_12.pdf>]

pdfTeX warning: pdflatex (file ./Pages/ZR_13.pdf): PDF inclusion: found PDF ver
sion <1.7>, but at most version <1.5> allowed
<Pages/ZR_13.pdf, id=232, 613.57233pt x 793.88593pt>
File: Pages/ZR_13.pdf Graphic file (type pdf)
 <use Pages/ZR_13.pdf>
Package pdftex.def Info: Pages/ZR_13.pdf used on input line 477.
(pdftex.def)             Requested size: 306.7854pt x 396.94199pt.

[34 <./Pages/ZR_13.pdf>]
Underfull \hbox (badness 10000) in paragraph at lines 484--489

 []



pdfTeX warning: pdflatex (file ./Pages/ZR_14.pdf): PDF inclusion: found PDF ver
sion <1.7>, but at most version <1.5> allowed
<Pages/ZR_14.pdf, id=239, 613.57233pt x 793.88593pt>
File: Pages/ZR_14.pdf Graphic file (type pdf)
 <use Pages/ZR_14.pdf>
Package pdftex.def Info: Pages/ZR_14.pdf used on input line 491.
(pdftex.def)             Requested size: 306.7854pt x 396.94199pt.

[35 <./Pages/ZR_14.pdf>]

pdfTeX warning: pdflatex (file ./Pages/LC_11.pdf): PDF inclusion: found PDF ver
sion <1.7>, but at most version <1.5> allowed
<Pages/LC_11.pdf, id=246, 613.57233pt x 793.88593pt>
File: Pages/LC_11.pdf Graphic file (type pdf)
 <use Pages/LC_11.pdf>
Package pdftex.def Info: Pages/LC_11.pdf used on input line 521.
(pdftex.def)             Requested size: 306.7854pt x 396.94199pt.

[36 <./Pages/LC_11.pdf>]

pdfTeX warning: pdflatex (file ./Pages/LC_12.pdf): PDF inclusion: found PDF ver
sion <1.7>, but at most version <1.5> allowed
<Pages/LC_12.pdf, id=253, 613.57233pt x 793.88593pt>
File: Pages/LC_12.pdf Graphic file (type pdf)
 <use Pages/LC_12.pdf>
Package pdftex.def Info: Pages/LC_12.pdf used on input line 532.
(pdftex.def)             Requested size: 306.7854pt x 396.94199pt.

[37 <./Pages/LC_12.pdf>]
Underfull \hbox (badness 10000) in paragraph at lines 541--542

 []



pdfTeX warning: pdflatex (file ./Pages/LC_13.pdf): PDF inclusion: found PDF ver
sion <1.7>, but at most version <1.5> allowed
<Pages/LC_13.pdf, id=261, 613.57233pt x 793.88593pt>
File: Pages/LC_13.pdf Graphic file (type pdf)
 <use Pages/LC_13.pdf>
Package pdftex.def Info: Pages/LC_13.pdf used on input line 543.
(pdftex.def)             Requested size: 306.7854pt x 396.94199pt.

Overfull \hbox (21.50082pt too wide) in paragraph at lines 549--551
[]\OT1/cmr/m/n/10 Monotonic Sub-sequences >>>>>>> 02ab88f2602e0e82d1db1124244f9
55fe13fd437 
 []

<Pages/S&L_page1.jpg, id=262, 380.17032pt x 284.56313pt>
File: Pages/S&L_page1.jpg Graphic file (type jpg)

<use Pages/S&L_page1.jpg>
Package pdftex.def Info: Pages/S&L_page1.jpg used on input line 558.
(pdftex.def)             Requested size: 304.13666pt x 227.6508pt.
 [38 <./Pages/LC_13.pdf>] [39 <./Pages/S&L_page1.jpg>] <Pages/MS_2_im1.png, id=
272, 358.33875pt x 453.19313pt>
File: Pages/MS_2_im1.png Graphic file (type png)

<use Pages/MS_2_im1.png>
Package pdftex.def Info: Pages/MS_2_im1.png used on input line 596.
(pdftex.def)             Requested size: 179.16893pt x 226.59601pt.
 [40 <./Pages/MS_2_im1.png>]
<Pages/MS_2_im2.png, id=277, 347.04657pt x 395.22656pt>
File: Pages/MS_2_im2.png Graphic file (type png)

<use Pages/MS_2_im2.png>
Package pdftex.def Info: Pages/MS_2_im2.png used on input line 612.
(pdftex.def)             Requested size: 173.52286pt x 197.6128pt.
 [41 <./Pages/MS_2_im2.png>]
<Pages/MS_2_im3.png, id=282, 341.77687pt x 472.01344pt>
File: Pages/MS_2_im3.png Graphic file (type png)

<use Pages/MS_2_im3.png>
Package pdftex.def Info: Pages/MS_2_im3.png used on input line 628.
(pdftex.def)             Requested size: 170.88802pt x 236.00613pt.
 [42 <./Pages/MS_2_im3.png>]
<Pages/MS_2_im4.png, id=287, 337.26pt x 459.96844pt>
File: Pages/MS_2_im4.png Graphic file (type png)
 <use Pages/MS_2_im4.png>
Package pdftex.def Info: Pages/MS_2_im4.png used on input line 648.
(pdftex.def)             Requested size: 168.62958pt x 229.98366pt.

[43 <./Pages/MS_2_im4.png>]
<Pages/MS_2_im5.png, id=293, 344.78813pt x 442.65375pt>
File: Pages/MS_2_im5.png Graphic file (type png)

<use Pages/MS_2_im5.png>
Package pdftex.def Info: Pages/MS_2_im5.png used on input line 656.
(pdftex.def)             Requested size: 172.39363pt x 221.32632pt.
 [44 <./Pages/MS_2_im5.png>]
<Pages/MS_2_im6.png, id=298, 339.51843pt x 464.4853pt>
File: Pages/MS_2_im6.png Graphic file (type png)

<use Pages/MS_2_im6.png>
Package pdftex.def Info: Pages/MS_2_im6.png used on input line 662.
(pdftex.def)             Requested size: 169.75879pt x 232.24208pt.
 [45 <./Pages/MS_2_im6.png>]
<Pages/MS_2_pic1.png, id=303, 90.3375pt x 118.94438pt>
File: Pages/MS_2_pic1.png Graphic file (type png)

<use Pages/MS_2_pic1.png>
Package pdftex.def Info: Pages/MS_2_pic1.png used on input line 678.
(pdftex.def)             Requested size: 90.33727pt x 118.94408pt.

<Pages/MS_2_pic2.png, id=304, 112.92188pt x 33.87656pt>
File: Pages/MS_2_pic2.png Graphic file (type png)

<use Pages/MS_2_pic2.png>
Package pdftex.def Info: Pages/MS_2_pic2.png used on input line 684.
(pdftex.def)             Requested size: 112.92159pt x 33.87646pt.

<Pages/MS_2_im7.png, id=305, 366.61969pt x 471.26062pt>
File: Pages/MS_2_im7.png Graphic file (type png)

<use Pages/MS_2_im7.png>
Package pdftex.def Info: Pages/MS_2_im7.png used on input line 688.
(pdftex.def)             Requested size: 183.30939pt x 235.62973pt.
 [46 <./Pages/MS_2_pic1.png> <./Pages/MS_2_pic2.png> <./Pages/MS_2_im7.png>]

pdfTeX warning: pdflatex (file ./Pages/LC_1.pdf): PDF inclusion: found PDF vers
ion <1.7>, but at most version <1.5> allowed
<Pages/LC_1.pdf, id=312, 613.57233pt x 793.88593pt>
File: Pages/LC_1.pdf Graphic file (type pdf)
 <use Pages/LC_1.pdf>
Package pdftex.def Info: Pages/LC_1.pdf used on input line 705.
(pdftex.def)             Requested size: 306.7854pt x 396.94199pt.

[47 <./Pages/LC_1.pdf>]
Underfull \hbox (badness 10000) in paragraph at lines 707--709

 []


Underfull \hbox (badness 10000) in paragraph at lines 710--714

 []



pdfTeX warning: pdflatex (file ./Pages/LC_2.pdf): PDF inclusion: found PDF vers
ion <1.7>, but at most version <1.5> allowed
<Pages/LC_2.pdf, id=319, 613.57233pt x 793.88593pt>
File: Pages/LC_2.pdf Graphic file (type pdf)
 <use Pages/LC_2.pdf>
Package pdftex.def Info: Pages/LC_2.pdf used on input line 720.
(pdftex.def)             Requested size: 245.42458pt x 317.54874pt.

<Pages/S&L_page2.jpg, id=320, 310.15875pt x 396.7322pt>
File: Pages/S&L_page2.jpg Graphic file (type jpg)

<use Pages/S&L_page2.jpg>
Package pdftex.def Info: Pages/S&L_page2.jpg used on input line 732.
(pdftex.def)             Requested size: 248.12733pt x 317.38617pt.
 [48 <./Pages/LC_2.pdf>] [49 <./Pages/S&L_page2.jpg>]

LaTeX Warning: The counter will not be printed.
             The label is:  on input line 742.

<Pages/S&L_page48.jpg, id=331, 301.125pt x 377.91188pt>
File: Pages/S&L_page48.jpg Graphic file (type jpg)

<use Pages/S&L_page48.jpg>
Package pdftex.def Info: Pages/S&L_page48.jpg used on input line 752.
(pdftex.def)             Requested size: 240.90031pt x 302.32991pt.
 [50 <./Pages/S&L_page48.jpg>]
<Pages/S&L_page49(1).jpg, id=336, 297.36093pt x 376.40625pt>
File: Pages/S&L_page49(1).jpg Graphic file (type jpg)

<use Pages/S&L_page49(1).jpg>
Package pdftex.def Info: Pages/S&L_page49(1).jpg used on input line 774.
(pdftex.def)             Requested size: 237.88905pt x 301.1254pt.
 [51 <./Pages/S&L_page49(1).jpg>]
<Pages/S&L_page49(2).jpg, id=340, 303.38344pt x 390.70969pt>
File: Pages/S&L_page49(2).jpg Graphic file (type jpg)

<use Pages/S&L_page49(2).jpg>
Package pdftex.def Info: Pages/S&L_page49(2).jpg used on input line 808.
(pdftex.def)             Requested size: 212.36694pt x 273.4949pt.
 [52 <./Pages/S&L_page49(2).jpg>]
<Pages/S&L_page50.jpg, id=344, 296.60812pt x 383.93437pt>
File: Pages/S&L_page50.jpg Graphic file (type jpg)

<use Pages/S&L_page50.jpg>
Package pdftex.def Info: Pages/S&L_page50.jpg used on input line 826.
(pdftex.def)             Requested size: 207.62427pt x 268.75221pt.
 [53 <./Pages/S&L_page50.jpg>]
Underfull \hbox (badness 10000) in paragraph at lines 841--842

 []


Underfull \hbox (badness 10000) in paragraph at lines 843--844

 []


Underfull \hbox (badness 10000) in paragraph at lines 845--846

 []



pdfTeX warning: pdflatex (file ./Pages/SL_7.pdf): PDF inclusion: found PDF vers
ion <1.7>, but at most version <1.5> allowed
<Pages/SL_7.pdf, id=348, 613.57233pt x 793.88593pt>
File: Pages/SL_7.pdf Graphic file (type pdf)
 <use Pages/SL_7.pdf>
Package pdftex.def Info: Pages/SL_7.pdf used on input line 847.
(pdftex.def)             Requested size: 306.7854pt x 396.94199pt.

[54 <./Pages/SL_7.pdf>]

pdfTeX warning: pdflatex (file ./Pages/SL_8.pdf): PDF inclusion: found PDF vers
ion <1.7>, but at most version <1.5> allowed
<Pages/SL_8.pdf, id=355, 613.57233pt x 793.88593pt>
File: Pages/SL_8.pdf Graphic file (type pdf)
 <use Pages/SL_8.pdf>
Package pdftex.def Info: Pages/SL_8.pdf used on input line 856.
(pdftex.def)             Requested size: 306.7854pt x 396.94199pt.

[55 <./Pages/SL_8.pdf>]

pdfTeX warning: pdflatex (file ./Pages/SL_9.pdf): PDF inclusion: found PDF vers
ion <1.7>, but at most version <1.5> allowed
<Pages/SL_9.pdf, id=363, 613.57233pt x 793.88593pt>
File: Pages/SL_9.pdf Graphic file (type pdf)
 <use Pages/SL_9.pdf>
Package pdftex.def Info: Pages/SL_9.pdf used on input line 870.
(pdftex.def)             Requested size: 306.7854pt x 396.94199pt.

[56 <./Pages/SL_9.pdf>]

pdfTeX warning: pdflatex (file ./Pages/SL_10.pdf): PDF inclusion: found PDF ver
sion <1.7>, but at most version <1.5> allowed
<Pages/SL_10.pdf, id=370, 613.57233pt x 793.88593pt>
File: Pages/SL_10.pdf Graphic file (type pdf)
 <use Pages/SL_10.pdf>
Package pdftex.def Info: Pages/SL_10.pdf used on input line 880.
(pdftex.def)             Requested size: 306.7854pt x 396.94199pt.

[57 <./Pages/SL_10.pdf>]

pdfTeX warning: pdflatex (file ./Pages/SL_11.pdf): PDF inclusion: found PDF ver
sion <1.7>, but at most version <1.5> allowed
<Pages/SL_11.pdf, id=377, 613.57233pt x 793.88593pt>
File: Pages/SL_11.pdf Graphic file (type pdf)
 <use Pages/SL_11.pdf>
Package pdftex.def Info: Pages/SL_11.pdf used on input line 893.
(pdftex.def)             Requested size: 306.7854pt x 396.94199pt.

[58 <./Pages/SL_11.pdf>] [59]

pdfTeX warning: pdflatex (file ./Pages/LC_50.pdf): PDF inclusion: found PDF ver
sion <1.7>, but at most version <1.5> allowed
<Pages/LC_50.pdf, id=387, 613.57233pt x 793.88593pt>
File: Pages/LC_50.pdf Graphic file (type pdf)
 <use Pages/LC_50.pdf>
Package pdftex.def Info: Pages/LC_50.pdf used on input line 917.
(pdftex.def)             Requested size: 306.7854pt x 396.94199pt.

[60 <./Pages/LC_50.pdf>]

pdfTeX warning: pdflatex (file ./Pages/LC_51.pdf): PDF inclusion: found PDF ver
sion <1.7>, but at most version <1.5> allowed
<Pages/LC_51.pdf, id=394, 613.57233pt x 793.88593pt>
File: Pages/LC_51.pdf Graphic file (type pdf)
 <use Pages/LC_51.pdf>
Package pdftex.def Info: Pages/LC_51.pdf used on input line 942.
(pdftex.def)             Requested size: 306.7854pt x 396.94199pt.

[61 <./Pages/LC_51.pdf>]

pdfTeX warning: pdflatex (file ./Pages/LC_6.pdf): PDF inclusion: found PDF vers
ion <1.7>, but at most version <1.5> allowed
<Pages/LC_6.pdf, id=402, 613.57233pt x 793.88593pt>
File: Pages/LC_6.pdf Graphic file (type pdf)
 <use Pages/LC_6.pdf>
Package pdftex.def Info: Pages/LC_6.pdf used on input line 960.
(pdftex.def)             Requested size: 306.7854pt x 396.94199pt.

[62 <./Pages/LC_6.pdf>]

pdfTeX warning: pdflatex (file ./Pages/LC_7.pdf): PDF inclusion: found PDF vers
ion <1.7>, but at most version <1.5> allowed
<Pages/LC_7.pdf, id=409, 613.57233pt x 793.88593pt>
File: Pages/LC_7.pdf Graphic file (type pdf)
 <use Pages/LC_7.pdf>
Package pdftex.def Info: Pages/LC_7.pdf used on input line 970.
(pdftex.def)             Requested size: 306.7854pt x 396.94199pt.

[63 <./Pages/LC_7.pdf>]

pdfTeX warning: pdflatex (file ./Pages/LC_8.pdf): PDF inclusion: found PDF vers
ion <1.7>, but at most version <1.5> allowed
<Pages/LC_8.pdf, id=416, 613.57233pt x 793.88593pt>
File: Pages/LC_8.pdf Graphic file (type pdf)
 <use Pages/LC_8.pdf>
Package pdftex.def Info: Pages/LC_8.pdf used on input line 974.
(pdftex.def)             Requested size: 306.7854pt x 396.94199pt.

Overfull \hbox (9.74849pt too wide) in paragraph at lines 973--975
\OT1/cmr/m/n/10 in-duc-tion. [] 
 []

[64 <./Pages/LC_8.pdf>]

pdfTeX warning: pdflatex (file ./Pages/LC_9.pdf): PDF inclusion: found PDF vers
ion <1.7>, but at most version <1.5> allowed
<Pages/LC_9.pdf, id=423, 613.57233pt x 793.88593pt>
File: Pages/LC_9.pdf Graphic file (type pdf)
 <use Pages/LC_9.pdf>
Package pdftex.def Info: Pages/LC_9.pdf used on input line 978.
(pdftex.def)             Requested size: 306.7854pt x 396.94199pt.

[65 <./Pages/LC_9.pdf>]

pdfTeX warning: pdflatex (file ./Pages/LC_10.pdf): PDF inclusion: found PDF ver
sion <1.7>, but at most version <1.5> allowed
<Pages/LC_10.pdf, id=430, 613.57233pt x 793.88593pt>
File: Pages/LC_10.pdf Graphic file (type pdf)
 <use Pages/LC_10.pdf>
Package pdftex.def Info: Pages/LC_10.pdf used on input line 984.
(pdftex.def)             Requested size: 306.7854pt x 396.94199pt.

[66 <./Pages/LC_10.pdf>]

pdfTeX warning: pdflatex (file ./Pages/IS_1.pdf): PDF inclusion: found PDF vers
ion <1.7>, but at most version <1.5> allowed
<Pages/IS_1.pdf, id=437, 613.57233pt x 793.88593pt>
File: Pages/IS_1.pdf Graphic file (type pdf)
 <use Pages/IS_1.pdf>
Package pdftex.def Info: Pages/IS_1.pdf used on input line 993.
(pdftex.def)             Requested size: 306.7854pt x 396.94199pt.

[67 <./Pages/IS_1.pdf>]

pdfTeX warning: pdflatex (file ./Pages/IS_2.pdf): PDF inclusion: found PDF vers
ion <1.7>, but at most version <1.5> allowed
<Pages/IS_2.pdf, id=445, 613.57233pt x 793.88593pt>
File: Pages/IS_2.pdf Graphic file (type pdf)
 <use Pages/IS_2.pdf>
Package pdftex.def Info: Pages/IS_2.pdf used on input line 999.
(pdftex.def)             Requested size: 306.7854pt x 396.94199pt.

[68 <./Pages/IS_2.pdf>]

pdfTeX warning: pdflatex (file ./Pages/IS_3.pdf): PDF inclusion: found PDF vers
ion <1.7>, but at most version <1.5> allowed
<Pages/IS_3.pdf, id=452, 613.57233pt x 793.88593pt>
File: Pages/IS_3.pdf Graphic file (type pdf)
 <use Pages/IS_3.pdf>
Package pdftex.def Info: Pages/IS_3.pdf used on input line 1005.
(pdftex.def)             Requested size: 306.7854pt x 396.94199pt.

[69 <./Pages/IS_3.pdf>]

pdfTeX warning: pdflatex (file ./Pages/IS_4.pdf): PDF inclusion: found PDF vers
ion <1.7>, but at most version <1.5> allowed
<Pages/IS_4.pdf, id=459, 613.57233pt x 793.88593pt>
File: Pages/IS_4.pdf Graphic file (type pdf)
 <use Pages/IS_4.pdf>
Package pdftex.def Info: Pages/IS_4.pdf used on input line 1013.
(pdftex.def)             Requested size: 306.7854pt x 396.94199pt.

[70 <./Pages/IS_4.pdf>]

pdfTeX warning: pdflatex (file ./Pages/IS_5.pdf): PDF inclusion: found PDF vers
ion <1.7>, but at most version <1.5> allowed
<Pages/IS_5.pdf, id=466, 613.57233pt x 793.88593pt>
File: Pages/IS_5.pdf Graphic file (type pdf)
 <use Pages/IS_5.pdf>
Package pdftex.def Info: Pages/IS_5.pdf used on input line 1020.
(pdftex.def)             Requested size: 306.7854pt x 396.94199pt.

[71 <./Pages/IS_5.pdf>] <Pages/IS_16.png, id=473, 350.81062pt x 454.69875pt>
File: Pages/IS_16.png Graphic file (type png)

<use Pages/IS_16.png>
Package pdftex.def Info: Pages/IS_16.png used on input line 1058.
(pdftex.def)             Requested size: 350.80975pt x 454.69763pt.

Overfull \hbox (5.80975pt too wide) in paragraph at lines 1058--1059
 [] 
 []

[72] [73 <./Pages/IS_16.png>]
<Pages/IS_17.png, id=482, 350.81062pt x 456.95718pt>
File: Pages/IS_17.png Graphic file (type png)
 <use Pages/IS_17.png>
Package pdftex.def Info: Pages/IS_17.png used on input line 1101.
(pdftex.def)             Requested size: 245.56575pt x 319.86784pt.

[74 <./Pages/IS_17.png>] <Pages/IS_18.png, id=487, 349.305pt x 415.5525pt>
File: Pages/IS_18.png Graphic file (type png)

<use Pages/IS_18.png>
Package pdftex.def Info: Pages/IS_18.png used on input line 1125.
(pdftex.def)             Requested size: 244.51183pt x 290.88477pt.
 [75 <./Pages/IS_18.png>]
<Pages/IS_19.png, id=492, 348.55219pt x 444.15938pt>
File: Pages/IS_19.png Graphic file (type png)
 <use Pages/IS_19.png>
Package pdftex.def Info: Pages/IS_19.png used on input line 1161.
(pdftex.def)             Requested size: 243.98485pt x 310.90944pt.

[76 <./Pages/IS_19.png>] <Pages/IS_20.png, id=497, 350.81062pt x 443.40656pt>
File: Pages/IS_20.png Graphic file (type png)

<use Pages/IS_20.png>
Package pdftex.def Info: Pages/IS_20.png used on input line 1190.
(pdftex.def)             Requested size: 245.56575pt x 310.38248pt.
 [77 <./Pages/IS_20.png>]
<Pages/IS_21.png, id=502, 352.31625pt x 419.31656pt>
File: Pages/IS_21.png Graphic file (type png)
 <use Pages/IS_21.png>
Package pdftex.def Info: Pages/IS_21.png used on input line 1223.
(pdftex.def)             Requested size: 246.61969pt x 293.51958pt.

[78 <./Pages/IS_21.png>] <Pages/IS_22.png, id=507, 350.81062pt x 382.42876pt>
File: Pages/IS_22.png Graphic file (type png)

<use Pages/IS_22.png>
Package pdftex.def Info: Pages/IS_22.png used on input line 1244.
(pdftex.def)             Requested size: 245.56575pt x 267.69829pt.
 [79 <./Pages/IS_22.png>]
<Pages/IS_23.png, id=513, 351.56343pt x 395.97937pt>
File: Pages/IS_23.png Graphic file (type png)
 <use Pages/IS_23.png>
Package pdftex.def Info: Pages/IS_23.png used on input line 1271.
(pdftex.def)             Requested size: 246.09271pt x 277.18367pt.

[80 <./Pages/IS_23.png>]

pdfTeX warning: pdflatex (file ./Pages/IS_24.pdf): PDF inclusion: found PDF ver
sion <1.7>, but at most version <1.5> allowed
<Pages/IS_24.pdf, id=518, 613.57233pt x 793.88593pt>
File: Pages/IS_24.pdf Graphic file (type pdf)
 <use Pages/IS_24.pdf>
Package pdftex.def Info: Pages/IS_24.pdf used on input line 1295.
(pdftex.def)             Requested size: 306.7854pt x 396.94199pt.

[81 <./Pages/IS_24.pdf>]

pdfTeX warning: pdflatex (file ./Pages/IS_25.pdf): PDF inclusion: found PDF ver
sion <1.7>, but at most version <1.5> allowed
<Pages/IS_25.pdf, id=525, 613.57233pt x 793.88593pt>
File: Pages/IS_25.pdf Graphic file (type pdf)
 <use Pages/IS_25.pdf>
Package pdftex.def Info: Pages/IS_25.pdf used on input line 1308.
(pdftex.def)             Requested size: 306.7854pt x 396.94199pt.

[82 <./Pages/IS_25.pdf>]
Underfull \hbox (badness 10000) in paragraph at lines 1312--1313

 []



pdfTeX warning: pdflatex (file ./Pages/IS_26.pdf): PDF inclusion: found PDF ver
sion <1.7>, but at most version <1.5> allowed
<Pages/IS_26.pdf, id=532, 613.57233pt x 793.88593pt>
File: Pages/IS_26.pdf Graphic file (type pdf)
 <use Pages/IS_26.pdf>
Package pdftex.def Info: Pages/IS_26.pdf used on input line 1319.
(pdftex.def)             Requested size: 306.7854pt x 396.94199pt.

[83 <./Pages/IS_26.pdf>]
Underfull \hbox (badness 10000) in paragraph at lines 1326--1329

 []



pdfTeX warning: pdflatex (file ./Pages/IS_27.pdf): PDF inclusion: found PDF ver
sion <1.7>, but at most version <1.5> allowed
<Pages/IS_27.pdf, id=539, 613.57233pt x 793.88593pt>
File: Pages/IS_27.pdf Graphic file (type pdf)
 <use Pages/IS_27.pdf>
Package pdftex.def Info: Pages/IS_27.pdf used on input line 1333.
(pdftex.def)             Requested size: 306.7854pt x 396.94199pt.

[84 <./Pages/IS_27.pdf>]

pdfTeX warning: pdflatex (file ./Pages/IS_28.pdf): PDF inclusion: found PDF ver
sion <1.7>, but at most version <1.5> allowed
<Pages/IS_28.pdf, id=546, 613.57233pt x 793.88593pt>
File: Pages/IS_28.pdf Graphic file (type pdf)
 <use Pages/IS_28.pdf>
Package pdftex.def Info: Pages/IS_28.pdf used on input line 1346.
(pdftex.def)             Requested size: 306.7854pt x 396.94199pt.

[85 <./Pages/IS_28.pdf>]

pdfTeX warning: pdflatex (file ./Pages/IS_29.pdf): PDF inclusion: found PDF ver
sion <1.7>, but at most version <1.5> allowed
<Pages/IS_29.pdf, id=555, 613.57233pt x 793.88593pt>
File: Pages/IS_29.pdf Graphic file (type pdf)
 <use Pages/IS_29.pdf>
Package pdftex.def Info: Pages/IS_29.pdf used on input line 1357.
(pdftex.def)             Requested size: 306.7854pt x 396.94199pt.

[86 <./Pages/IS_29.pdf>]

pdfTeX warning: pdflatex (file ./Pages/IS_30.pdf): PDF inclusion: found PDF ver
sion <1.7>, but at most version <1.5> allowed
<Pages/IS_30.pdf, id=562, 613.57233pt x 793.88593pt>
File: Pages/IS_30.pdf Graphic file (type pdf)
 <use Pages/IS_30.pdf>
Package pdftex.def Info: Pages/IS_30.pdf used on input line 1371.
(pdftex.def)             Requested size: 306.7854pt x 396.94199pt.

[87 <./Pages/IS_30.pdf>]

pdfTeX warning: pdflatex (file ./Pages/IS_31.pdf): PDF inclusion: found PDF ver
sion <1.7>, but at most version <1.5> allowed
<Pages/IS_31.pdf, id=569, 613.57233pt x 793.88593pt>
File: Pages/IS_31.pdf Graphic file (type pdf)
 <use Pages/IS_31.pdf>
Package pdftex.def Info: Pages/IS_31.pdf used on input line 1380.
(pdftex.def)             Requested size: 306.7854pt x 396.94199pt.

[88 <./Pages/IS_31.pdf>]

pdfTeX warning: pdflatex (file ./Pages/IS_32.pdf): PDF inclusion: found PDF ver
sion <1.7>, but at most version <1.5> allowed
<Pages/IS_32.pdf, id=576, 613.57233pt x 793.88593pt>
File: Pages/IS_32.pdf Graphic file (type pdf)
 <use Pages/IS_32.pdf>
Package pdftex.def Info: Pages/IS_32.pdf used on input line 1391.
(pdftex.def)             Requested size: 306.7854pt x 396.94199pt.

[89 <./Pages/IS_32.pdf>]

pdfTeX warning: pdflatex (file ./Pages/ST_9.pdf): PDF inclusion: found PDF vers
ion <1.7>, but at most version <1.5> allowed
<Pages/ST_9.pdf, id=583, 613.57233pt x 793.88593pt>
File: Pages/ST_9.pdf Graphic file (type pdf)
 <use Pages/ST_9.pdf>
Package pdftex.def Info: Pages/ST_9.pdf used on input line 1407.
(pdftex.def)             Requested size: 306.7854pt x 396.94199pt.

[90 <./Pages/ST_9.pdf>]

pdfTeX warning: pdflatex (file ./Pages/ST_10.pdf): PDF inclusion: found PDF ver
sion <1.7>, but at most version <1.5> allowed
<Pages/ST_10.pdf, id=590, 613.57233pt x 793.88593pt>
File: Pages/ST_10.pdf Graphic file (type pdf)
 <use Pages/ST_10.pdf>
Package pdftex.def Info: Pages/ST_10.pdf used on input line 1422.
(pdftex.def)             Requested size: 306.7854pt x 396.94199pt.

[91 <./Pages/ST_10.pdf>]
<Pages/ST_11_im1.png, id=598, 315.42844pt x 194.97844pt>
File: Pages/ST_11_im1.png Graphic file (type png)

<use Pages/ST_11_im1.png>
Package pdftex.def Info: Pages/ST_11_im1.png used on input line 1428.
(pdftex.def)             Requested size: 157.71382pt x 97.48897pt.


pdfTeX warning: pdflatex (file ./Pages/ST_11.pdf): PDF inclusion: found PDF ver
sion <1.7>, but at most version <1.5> allowed
<Pages/ST_11.pdf, id=599, 613.57233pt x 793.88593pt>
File: Pages/ST_11.pdf Graphic file (type pdf)
 <use Pages/ST_11.pdf>
Package pdftex.def Info: Pages/ST_11.pdf used on input line 1432.
(pdftex.def)             Requested size: 306.7854pt x 396.94199pt.

[92 <./Pages/ST_11_im1.png> <./Pages/ST_11.pdf>]

pdfTeX warning: pdflatex (file ./Pages/ST_19.pdf): PDF inclusion: found PDF ver
sion <1.7>, but at most version <1.5> allowed
<Pages/ST_19.pdf, id=607, 613.57233pt x 793.88593pt>
File: Pages/ST_19.pdf Graphic file (type pdf)
 <use Pages/ST_19.pdf>
Package pdftex.def Info: Pages/ST_19.pdf used on input line 1451.
(pdftex.def)             Requested size: 306.7854pt x 396.94199pt.

[93 <./Pages/ST_19.pdf>]

pdfTeX warning: pdflatex (file ./Pages/ST_20.pdf): PDF inclusion: found PDF ver
sion <1.7>, but at most version <1.5> allowed
<Pages/ST_20.pdf, id=614, 613.57233pt x 793.88593pt>
File: Pages/ST_20.pdf Graphic file (type pdf)
 <use Pages/ST_20.pdf>
Package pdftex.def Info: Pages/ST_20.pdf used on input line 1459.
(pdftex.def)             Requested size: 306.7854pt x 396.94199pt.

[94 <./Pages/ST_20.pdf>]

pdfTeX warning: pdflatex (file ./Pages/ST_21.pdf): PDF inclusion: found PDF ver
sion <1.7>, but at most version <1.5> allowed
<Pages/ST_21.pdf, id=621, 613.57233pt x 793.88593pt>
File: Pages/ST_21.pdf Graphic file (type pdf)
 <use Pages/ST_21.pdf>
Package pdftex.def Info: Pages/ST_21.pdf used on input line 1470.
(pdftex.def)             Requested size: 306.7854pt x 396.94199pt.

[95 <./Pages/ST_21.pdf>]

pdfTeX warning: pdflatex (file ./Pages/IS_33.pdf): PDF inclusion: found PDF ver
sion <1.7>, but at most version <1.5> allowed
<Pages/IS_33.pdf, id=628, 613.57233pt x 793.88593pt>
File: Pages/IS_33.pdf Graphic file (type pdf)
 <use Pages/IS_33.pdf>
Package pdftex.def Info: Pages/IS_33.pdf used on input line 1501.
(pdftex.def)             Requested size: 257.69861pt x 333.42981pt.

[96 <./Pages/IS_33.pdf>]

pdfTeX warning: pdflatex (file ./Pages/IS_34.pdf): PDF inclusion: found PDF ver
sion <1.7>, but at most version <1.5> allowed
<Pages/IS_34.pdf, id=635, 613.57233pt x 793.88593pt>
File: Pages/IS_34.pdf Graphic file (type pdf)
 <use Pages/IS_34.pdf>
Package pdftex.def Info: Pages/IS_34.pdf used on input line 1518.
(pdftex.def)             Requested size: 257.69861pt x 333.42981pt.

[97 <./Pages/IS_34.pdf>]

pdfTeX warning: pdflatex (file ./Pages/IS_35.pdf): PDF inclusion: found PDF ver
sion <1.7>, but at most version <1.5> allowed
<Pages/IS_35.pdf, id=643, 613.57233pt x 793.88593pt>
File: Pages/IS_35.pdf Graphic file (type pdf)
 <use Pages/IS_35.pdf>
Package pdftex.def Info: Pages/IS_35.pdf used on input line 1531.
(pdftex.def)             Requested size: 257.69861pt x 333.42981pt.

[98 <./Pages/IS_35.pdf>]

pdfTeX warning: pdflatex (file ./Pages/IS_36.pdf): PDF inclusion: found PDF ver
sion <1.7>, but at most version <1.5> allowed
<Pages/IS_36.pdf, id=650, 613.57233pt x 793.88593pt>
File: Pages/IS_36.pdf Graphic file (type pdf)
 <use Pages/IS_36.pdf>
Package pdftex.def Info: Pages/IS_36.pdf used on input line 1547.
(pdftex.def)             Requested size: 257.69861pt x 333.42981pt.

[99 <./Pages/IS_36.pdf>]

pdfTeX warning: pdflatex (file ./Pages/MetricSpace1_1.pdf): PDF inclusion: foun
d PDF version <1.7>, but at most version <1.5> allowed
<Pages/MetricSpace1_1.pdf, id=657, 614.295pt x 794.97pt>
File: Pages/MetricSpace1_1.pdf Graphic file (type pdf)

<use Pages/MetricSpace1_1.pdf>
Package pdftex.def Info: Pages/MetricSpace1_1.pdf used on input line 1555.
(pdftex.def)             Requested size: 307.14674pt x 397.48402pt.


pdfTeX warning: pdflatex (file ./Pages/MetricSpace1_2.pdf): PDF inclusion: foun
d PDF version <1.7>, but at most version <1.5> allowed
<Pages/MetricSpace1_2.pdf, id=658, 614.295pt x 794.97pt>
File: Pages/MetricSpace1_2.pdf Graphic file (type pdf)

<use Pages/MetricSpace1_2.pdf>
Package pdftex.def Info: Pages/MetricSpace1_2.pdf used on input line 1558.
(pdftex.def)             Requested size: 307.14674pt x 397.48402pt.


pdfTeX warning: pdflatex (file ./Pages/MetricSpace1_3.pdf): PDF inclusion: foun
d PDF version <1.7>, but at most version <1.5> allowed
<Pages/MetricSpace1_3.pdf, id=659, 614.295pt x 794.97pt>
File: Pages/MetricSpace1_3.pdf Graphic file (type pdf)

<use Pages/MetricSpace1_3.pdf>
Package pdftex.def Info: Pages/MetricSpace1_3.pdf used on input line 1562.
(pdftex.def)             Requested size: 307.14674pt x 397.48402pt.


pdfTeX warning: pdflatex (file ./Pages/MetricSpace1_4.pdf): PDF inclusion: foun
d PDF version <1.7>, but at most version <1.5> allowed
<Pages/MetricSpace1_4.pdf, id=660, 614.295pt x 794.97pt>
File: Pages/MetricSpace1_4.pdf Graphic file (type pdf)

<use Pages/MetricSpace1_4.pdf>
Package pdftex.def Info: Pages/MetricSpace1_4.pdf used on input line 1566.
(pdftex.def)             Requested size: 307.14674pt x 397.48402pt.


pdfTeX warning: pdflatex (file ./Pages/MetricSpace1_5.pdf): PDF inclusion: foun
d PDF version <1.7>, but at most version <1.5> allowed
<Pages/MetricSpace1_5.pdf, id=661, 614.295pt x 794.97pt>
File: Pages/MetricSpace1_5.pdf Graphic file (type pdf)

<use Pages/MetricSpace1_5.pdf>
Package pdftex.def Info: Pages/MetricSpace1_5.pdf used on input line 1574.
(pdftex.def)             Requested size: 307.14674pt x 397.48402pt.

Overfull \hbox (9.73238pt too wide) in paragraph at lines 1553--1579
[] \OT1/cmr/m/n/12 Mul-ti-pli-
 []

[100 <./Pages/MetricSpace1_1.pdf, page is rotated 270 degrees>] [101 <./Pages/M
etricSpace1_2.pdf, page is rotated 270 degrees>] [102 <./Pages/MetricSpace1_3.p
df, page is rotated 270 degrees>] [103 <./Pages/MetricSpace1_4.pdf, page is rot
ated 270 degrees>] [104 <./Pages/MetricSpace1_5.pdf, page is rotated 270 degree
s>]

pdfTeX warning: pdflatex (file ./Pages/InfiniteSeries_37.pdf): PDF inclusion: f
ound PDF version <1.7>, but at most version <1.5> allowed
<Pages/InfiniteSeries_37.pdf, id=703, 613.57233pt x 793.88593pt>
File: Pages/InfiniteSeries_37.pdf Graphic file (type pdf)

<use Pages/InfiniteSeries_37.pdf>
Package pdftex.def Info: Pages/InfiniteSeries_37.pdf used on input line 1580.
(pdftex.def)             Requested size: 306.7854pt x 396.94199pt.
 [105 <./Pages/InfiniteSeries_37.pdf>]

pdfTeX warning: pdflatex (file ./Pages/InfiniteSeries_38.pdf): PDF inclusion: f
ound PDF version <1.7>, but at most version <1.5> allowed
<Pages/InfiniteSeries_38.pdf, id=710, 613.57233pt x 793.88593pt>
File: Pages/InfiniteSeries_38.pdf Graphic file (type pdf)

<use Pages/InfiniteSeries_38.pdf>
Package pdftex.def Info: Pages/InfiniteSeries_38.pdf used on input line 1583.
(pdftex.def)             Requested size: 306.7854pt x 396.94199pt.
 [106 <./Pages/InfiniteSeries_38.pdf>]

pdfTeX warning: pdflatex (file ./Pages/InfiniteSeries_39.pdf): PDF inclusion: f
ound PDF version <1.7>, but at most version <1.5> allowed
<Pages/InfiniteSeries_39.pdf, id=717, 613.57233pt x 793.88593pt>
File: Pages/InfiniteSeries_39.pdf Graphic file (type pdf)

<use Pages/InfiniteSeries_39.pdf>
Package pdftex.def Info: Pages/InfiniteSeries_39.pdf used on input line 1590.
(pdftex.def)             Requested size: 306.7854pt x 396.94199pt.
File: Pages/MS_2_im1.png Graphic file (type png)
 <use Pages/MS_2_im1.png>
Package pdftex.def Info: Pages/MS_2_im1.png used on input line 1617.
(pdftex.def)             Requested size: 179.16893pt x 226.59601pt.
 [107 <./Pages/InfiniteSeries_39.pdf>] [108]
File: Pages/MS_2_im2.png Graphic file (type png)
 <use Pages/MS_2_im2.png>
Package pdftex.def Info: Pages/MS_2_im2.png used on input line 1633.
(pdftex.def)             Requested size: 173.52286pt x 197.6128pt.
 [109]
File: Pages/MS_2_im3.png Graphic file (type png)

<use Pages/MS_2_im3.png>
Package pdftex.def Info: Pages/MS_2_im3.png used on input line 1649.
(pdftex.def)             Requested size: 170.88802pt x 236.00613pt.
 [110]
File: Pages/MS_2_im4.png Graphic file (type png)
 <use Pages/MS_2_im4.png>
Package pdftex.def Info: Pages/MS_2_im4.png used on input line 1669.
(pdftex.def)             Requested size: 168.62958pt x 229.98366pt.
 [111]
File: Pages/MS_2_im5.png Graphic file (type png)

<use Pages/MS_2_im5.png>
Package pdftex.def Info: Pages/MS_2_im5.png used on input line 1677.
(pdftex.def)             Requested size: 172.39363pt x 221.32632pt.
 [112]
File: Pages/MS_2_im6.png Graphic file (type png)
 <use Pages/MS_2_im6.png>
Package pdftex.def Info: Pages/MS_2_im6.png used on input line 1683.
(pdftex.def)             Requested size: 169.75879pt x 232.24208pt.
 [113]
File: Pages/MS_2_pic1.png Graphic file (type png)

<use Pages/MS_2_pic1.png>
Package pdftex.def Info: Pages/MS_2_pic1.png used on input line 1699.
(pdftex.def)             Requested size: 90.33727pt x 118.94408pt.
File: Pages/MS_2_pic2.png Graphic file (type png)
 <use Pages/MS_2_pic2.png>
Package pdftex.def Info: Pages/MS_2_pic2.png used on input line 1705.
(pdftex.def)             Requested size: 112.92159pt x 33.87646pt.
File: Pages/MS_2_im7.png Graphic file (type png)
 <use Pages/MS_2_im7.png>
Package pdftex.def Info: Pages/MS_2_im7.png used on input line 1709.
(pdftex.def)             Requested size: 183.30939pt x 235.62973pt.

[114]
File: Pages/LC_1.pdf Graphic file (type pdf)
 <use Pages/LC_1.pdf>
Package pdftex.def Info: Pages/LC_1.pdf used on input line 1726.
(pdftex.def)             Requested size: 306.7854pt x 396.94199pt.
 [115]
Underfull \hbox (badness 10000) in paragraph at lines 1728--1730

 []


Underfull \hbox (badness 10000) in paragraph at lines 1731--1735

 []

File: Pages/LC_2.pdf Graphic file (type pdf)
<use Pages/LC_2.pdf>
Package pdftex.def Info: Pages/LC_2.pdf used on input line 1741.
(pdftex.def)             Requested size: 245.42458pt x 317.54874pt.
 [116]
<Pages/MS_8_Im.png, id=753, 89.58469pt x 113.67468pt>
File: Pages/MS_8_Im.png Graphic file (type png)
 <use Pages/MS_8_Im.png>
Package pdftex.def Info: Pages/MS_8_Im.png used on input line 1749.
(pdftex.def)             Requested size: 44.79222pt x 56.83719pt.


pdfTeX warning: pdflatex (file ./Pages/MS_8.pdf): PDF inclusion: found PDF vers
ion <1.7>, but at most version <1.5> allowed
<Pages/MS_8.pdf, id=754, 614.295pt x 794.97pt>
File: Pages/MS_8.pdf Graphic file (type pdf)
 <use Pages/MS_8.pdf>
Package pdftex.def Info: Pages/MS_8.pdf used on input line 1753.
(pdftex.def)             Requested size: 245.71364pt x 317.98236pt.
 [117 <./Pages/MS_8_Im.png> <./Pages/MS_8.pdf, page is rotated 270 degrees>]

pdfTeX warning: pdflatex (file ./Pages/MS_9.pdf): PDF inclusion: found PDF vers
ion <1.7>, but at most version <1.5> allowed
<Pages/MS_9.pdf, id=765, 614.295pt x 794.97pt>
File: Pages/MS_9.pdf Graphic file (type pdf)
 <use Pages/MS_9.pdf>
Package pdftex.def Info: Pages/MS_9.pdf used on input line 1757.
(pdftex.def)             Requested size: 307.14674pt x 397.48402pt.
 [118 <./Pages/MS_9.pdf, page is rotated 270 degrees>]

pdfTeX warning: pdflatex (file ./Pages/MS_10.pdf): PDF inclusion: found PDF ver
sion <1.7>, but at most version <1.5> allowed
<Pages/MS_10.pdf, id=774, 614.295pt x 794.97pt>
File: Pages/MS_10.pdf Graphic file (type pdf)
 <use Pages/MS_10.pdf>
Package pdftex.def Info: Pages/MS_10.pdf used on input line 1761.
(pdftex.def)             Requested size: 307.14674pt x 397.48402pt.
 [119 <./Pages/MS_10.pdf, page is rotated 270 degrees>]
LaTeX Font Info:    Font shape `OMS/cmr/m/n' in size <14.4> not available
(Font)              Font shape `OMS/cmsy/m/n' tried instead on input line 1769.



pdfTeX warning: pdflatex (file ./Pages/MS_11.pdf): PDF inclusion: found PDF ver
sion <1.7>, but at most version <1.5> allowed
<Pages/MS_11.pdf, id=783, 614.295pt x 794.97pt>
File: Pages/MS_11.pdf Graphic file (type pdf)
 <use Pages/MS_11.pdf>
Package pdftex.def Info: Pages/MS_11.pdf used on input line 1772.
(pdftex.def)             Requested size: 245.71364pt x 317.98236pt.
 [120 <./Pages/MS_11.pdf, page is rotated 270 degrees>]

pdfTeX warning: pdflatex (file ./Pages/MS_12.pdf): PDF inclusion: found PDF ver
sion <1.7>, but at most version <1.5> allowed
<Pages/MS_12.pdf, id=792, 614.295pt x 794.97pt>
File: Pages/MS_12.pdf Graphic file (type pdf)
 <use Pages/MS_12.pdf>
Package pdftex.def Info: Pages/MS_12.pdf used on input line 1775.
(pdftex.def)             Requested size: 307.14674pt x 397.48402pt.
 [121 <./Pages/MS_12.pdf, page is rotated 270 degrees>]

pdfTeX warning: pdflatex (file ./Pages/MS_13.pdf): PDF inclusion: found PDF ver
sion <1.7>, but at most version <1.5> allowed
<Pages/MS_13.pdf, id=802, 614.295pt x 794.97pt>
File: Pages/MS_13.pdf Graphic file (type pdf)
 <use Pages/MS_13.pdf>
Package pdftex.def Info: Pages/MS_13.pdf used on input line 1778.
(pdftex.def)             Requested size: 307.14674pt x 397.48402pt.
 [122 <./Pages/MS_13.pdf, page is rotated 270 degrees>]

pdfTeX warning: pdflatex (file ./Pages/MS_14.pdf): PDF inclusion: found PDF ver
sion <1.7>, but at most version <1.5> allowed
<Pages/MS_14.pdf, id=811, 614.295pt x 794.97pt>
File: Pages/MS_14.pdf Graphic file (type pdf)
 <use Pages/MS_14.pdf>
Package pdftex.def Info: Pages/MS_14.pdf used on input line 1786.
(pdftex.def)             Requested size: 307.14674pt x 397.48402pt.
 [123 <./Pages/MS_14.pdf, page is rotated 270 degrees>]

pdfTeX warning: pdflatex (file ./Pages/MS_18.pdf): PDF inclusion: found PDF ver
sion <1.7>, but at most version <1.5> allowed
<Pages/MS_18.pdf, id=820, 614.295pt x 794.97pt>
File: Pages/MS_18.pdf Graphic file (type pdf)
 <use Pages/MS_18.pdf>
Package pdftex.def Info: Pages/MS_18.pdf used on input line 1792.
(pdftex.def)             Requested size: 307.14674pt x 397.48402pt.
 [124 <./Pages/MS_18.pdf, page is rotated 270 degrees>]

pdfTeX warning: pdflatex (file ./Pages/MS_19.pdf): PDF inclusion: found PDF ver
sion <1.7>, but at most version <1.5> allowed
<Pages/MS_19.pdf, id=829, 614.295pt x 794.97pt>
File: Pages/MS_19.pdf Graphic file (type pdf)
 <use Pages/MS_19.pdf>
Package pdftex.def Info: Pages/MS_19.pdf used on input line 1803.
(pdftex.def)             Requested size: 245.71364pt x 317.98236pt.
 [125 <./Pages/MS_19.pdf, page is rotated 270 degrees>]
<Pages/MS2_15.png, id=838, 343.2825pt x 443.40656pt>
File: Pages/MS2_15.png Graphic file (type png)
 <use Pages/MS2_15.png>
Package pdftex.def Info: Pages/MS2_15.png used on input line 1816.
(pdftex.def)             Requested size: 257.46123pt x 332.5541pt.

[126 <./Pages/MS2_15.png>]
<Pages/MS2_16.png, id=843, 342.5297pt x 442.65375pt>
File: Pages/MS2_16.png Graphic file (type png)
 <use Pages/MS2_16.png>
Package pdftex.def Info: Pages/MS2_16.png used on input line 1826.
(pdftex.def)             Requested size: 256.89664pt x 331.98949pt.

[127 <./Pages/MS2_16.png>]
<Pages/MS2_17.png, id=849, 354.57469pt x 459.96844pt>
File: Pages/MS2_17.png Graphic file (type png)
 <use Pages/MS2_17.png>
Package pdftex.def Info: Pages/MS2_17.png used on input line 1842.
(pdftex.def)             Requested size: 265.93036pt x 344.97548pt.

[128 <./Pages/MS2_17.png>] ("Klass Notes Typed.aux") )
(\end occurred inside a group at level 2)

### simple group (level 2) entered at line 208 ({)
### simple group (level 1) entered at line 205 ({)
### bottom level 
Here is how much of TeX's memory you used:
 2934 strings out of 493673
 40001 string characters out of 3141513
 85265 words of memory out of 3000000
 6136 multiletter control sequences out of 15000+200000
 14335 words of font info for 56 fonts, out of 3000000 for 9000
 1025 hyphenation exceptions out of 8191
 27i,12n,24p,520b,332s stack positions out of 5000i,500n,10000p,200000b,50000s
<C:/Program Files (x86)/MiKTeX 2.9/fonts/type1/public/amsfonts/
cm/cmbx10.pfb><C:/Program Files (x86)/MiKTeX 2.9/fonts/type1/public/amsfonts/cm
/cmbx12.pfb><C:/Program Files (x86)/MiKTeX 2.9/fonts/type1/public/amsfonts/cm/c
mex10.pfb><C:/Program Files (x86)/MiKTeX 2.9/fonts/type1/public/amsfonts/cm/cmm
i10.pfb><C:/Program Files (x86)/MiKTeX 2.9/fonts/type1/public/amsfonts/cm/cmmi1
2.pfb><C:/Program Files (x86)/MiKTeX 2.9/fonts/type1/public/amsfonts/cm/cmmi5.p
fb><C:/Program Files (x86)/MiKTeX 2.9/fonts/type1/public/amsfonts/cm/cmmi7.pfb>
<C:/Program Files (x86)/MiKTeX 2.9/fonts/type1/public/amsfonts/cm/cmr10.pfb><C:
/Program Files (x86)/MiKTeX 2.9/fonts/type1/public/amsfonts/cm/cmr12.pfb><C:/Pr
ogram Files (x86)/MiKTeX 2.9/fonts/type1/public/amsfonts/cm/cmr17.pfb><C:/Progr
am Files (x86)/MiKTeX 2.9/fonts/type1/public/amsfonts/cm/cmr5.pfb><C:/Program F
iles (x86)/MiKTeX 2.9/fonts/type1/public/amsfonts/cm/cmr7.pfb><C:/Program Files
 (x86)/MiKTeX 2.9/fonts/type1/public/amsfonts/cm/cmsy10.pfb><C:/Program Files (
x86)/MiKTeX 2.9/fonts/type1/public/amsfonts/cm/cmsy5.pfb><C:/Program Files (x86
)/MiKTeX 2.9/fonts/type1/public/amsfonts/cm/cmsy7.pfb><C:/Program Files (x86)/M
iKTeX 2.9/fonts/type1/public/amsfonts/symbols/msam10.pfb><C:/Program Files (x86
)/MiKTeX 2.9/fonts/type1/public/amsfonts/symbols/msbm10.pfb>
Output written on "Klass Notes Typed.pdf" (128 pages, 4334273 bytes).
PDF statistics:
 911 PDF objects out of 1000 (max. 8388607)
 0 named destinations out of 1000 (max. 500000)
 606 words of extra memory for PDF output out of 10000 (max. 10000000)

